<?xml version="1.0" encoding="UTF-8"?>
<robot generator="Robot 6.0.2 (Python 3.11.0 on win32)" generated="20230323 23:34:23.283" rpa="false" schemaversion="3">
<suite id="s1" name="PageObject" source="D:\2022\pythonProject\Introduction_Robot_Framework\PageObjectModel\TestCases\PageObject.robot">
<test id="s1-t1" name="Verify Successful Login to OrangeHRM" line="13">
<kw name="Opening Browser" library="Common">
<arg>${site_url}</arg>
<arg>${browser}</arg>
<kw name="Open Browser" library="SeleniumLibrary">
<arg>${site_url}</arg>
<arg>${browser}</arg>
<doc>Opens a new browser instance to the optional ``url``.</doc>
<msg timestamp="20230323 23:34:23.545" level="INFO">Opening browser 'edge' to base url 'https://opensource-demo.orangehrmlive.com/'.</msg>
<status status="PASS" starttime="20230323 23:34:23.545" endtime="20230323 23:34:28.967"/>
</kw>
<kw name="Wait Until Element Is Visible" library="SeleniumLibrary">
<arg>${LoginUsernameInputBox}</arg>
<arg>timeout=5</arg>
<doc>Waits until the element ``locator`` is visible.</doc>
<status status="PASS" starttime="20230323 23:34:28.967" endtime="20230323 23:34:29.481"/>
</kw>
<status status="PASS" starttime="20230323 23:34:23.544" endtime="20230323 23:34:29.481"/>
</kw>
<kw name="Input Username" library="LoginPage">
<kw name="Input Text" library="SeleniumLibrary">
<arg>${LoginUsernameInputBox}</arg>
<arg>${Username}</arg>
<doc>Types the given ``text`` into the text field identified by ``locator``.</doc>
<msg timestamp="20230323 23:34:29.483" level="INFO">Typing text 'Admin' into text field 'name:username'.</msg>
<status status="PASS" starttime="20230323 23:34:29.482" endtime="20230323 23:34:29.661"/>
</kw>
<status status="PASS" starttime="20230323 23:34:29.482" endtime="20230323 23:34:29.661"/>
</kw>
<kw name="Input Password" library="LoginPage">
<kw name="Input Text" library="SeleniumLibrary">
<arg>${LoginPasswordInputBox}</arg>
<arg>${Password}</arg>
<doc>Types the given ``text`` into the text field identified by ``locator``.</doc>
<msg timestamp="20230323 23:34:29.682" level="INFO">Typing text 'admin123' into text field 'name:password'.</msg>
<status status="PASS" starttime="20230323 23:34:29.681" endtime="20230323 23:34:29.982"/>
</kw>
<status status="PASS" starttime="20230323 23:34:29.680" endtime="20230323 23:34:29.983"/>
</kw>
<kw name="Click Login" library="LoginPage">
<kw name="Click Element" library="SeleniumLibrary">
<arg>${LoginButton}</arg>
<doc>Click the element identified by ``locator``.</doc>
<msg timestamp="20230323 23:34:29.985" level="INFO">Clicking element 'xpath://button[normalize-space()='Login']'.</msg>
<status status="PASS" starttime="20230323 23:34:29.985" endtime="20230323 23:34:31.245"/>
</kw>
<status status="PASS" starttime="20230323 23:34:29.984" endtime="20230323 23:34:31.245"/>
</kw>
<kw name="Verify Welcome Text is Visible" library="HomePage">
<kw name="Wait Until Element Is Visible" library="SeleniumLibrary">
<arg>${WelcomeText}</arg>
<arg>timeout=5</arg>
<doc>Waits until the element ``locator`` is visible.</doc>
<status status="PASS" starttime="20230323 23:34:31.248" endtime="20230323 23:34:31.704"/>
</kw>
<kw name="Element Should Be Visible" library="SeleniumLibrary">
<arg>${WelcomeText}</arg>
<doc>Verifies that the element identified by ``locator`` is visible.</doc>
<msg timestamp="20230323 23:34:31.720" level="INFO">Element 'xpath://span[@class='oxd-userdropdown-tab']' is displayed.</msg>
<status status="PASS" starttime="20230323 23:34:31.704" endtime="20230323 23:34:31.720"/>
</kw>
<status status="PASS" starttime="20230323 23:34:31.247" endtime="20230323 23:34:31.720"/>
</kw>
<kw name="Logout" library="HomePage">
<kw name="Click Element" library="SeleniumLibrary">
<arg>${WelcomeText}</arg>
<doc>Click the element identified by ``locator``.</doc>
<msg timestamp="20230323 23:34:31.722" level="INFO">Clicking element 'xpath://span[@class='oxd-userdropdown-tab']'.</msg>
<status status="PASS" starttime="20230323 23:34:31.721" endtime="20230323 23:34:31.842"/>
</kw>
<kw name="Wait Until Element Is Visible" library="SeleniumLibrary">
<arg>${LogoutButton}</arg>
<arg>timeout=5</arg>
<doc>Waits until the element ``locator`` is visible.</doc>
<status status="PASS" starttime="20230323 23:34:31.843" endtime="20230323 23:34:32.249"/>
</kw>
<kw name="Click Element" library="SeleniumLibrary">
<arg>${LogoutButton}</arg>
<doc>Click the element identified by ``locator``.</doc>
<msg timestamp="20230323 23:34:32.250" level="INFO">Clicking element 'css:[href="/web/index.php/auth/logout"]'.</msg>
<status status="PASS" starttime="20230323 23:34:32.249" endtime="20230323 23:34:33.290"/>
</kw>
<kw name="Wait Until Element Is Visible" library="SeleniumLibrary">
<arg>${LoginUsernameInputBox}</arg>
<arg>timeout=5</arg>
<doc>Waits until the element ``locator`` is visible.</doc>
<status status="PASS" starttime="20230323 23:34:33.291" endtime="20230323 23:34:33.730"/>
</kw>
<status status="PASS" starttime="20230323 23:34:31.721" endtime="20230323 23:34:33.730"/>
</kw>
<kw name="Close Browser" library="SeleniumLibrary">
<doc>Closes the current browser.</doc>
<status status="PASS" starttime="20230323 23:34:33.733" endtime="20230323 23:34:36.015"/>
</kw>
<doc>This test case verifies that the user is able to successfully Login and Logout to OrangeHRM using Page Object</doc>
<tag>Smoke</tag>
<status status="PASS" starttime="20230323 23:34:23.542" endtime="20230323 23:34:36.017"/>
</test>
<doc>Page Object in Robot Framework</doc>
<status status="PASS" starttime="20230323 23:34:23.284" endtime="20230323 23:34:36.019"/>
</suite>
<statistics>
<total>
<stat pass="1" fail="0" skip="0">All Tests</stat>
</total>
<tag>
<stat pass="1" fail="0" skip="0">Smoke</stat>
</tag>
<suite>
<stat pass="1" fail="0" skip="0" id="s1" name="PageObject">PageObject</stat>
</suite>
</statistics>
<errors>
</errors>
</robot>
