<?xml version="1.0" encoding="UTF-8"?>
<robot generator="Robot 6.0.2 (Python 3.11.0 on win32)" generated="20230323 00:05:34.461" rpa="false" schemaversion="3">
<suite id="s1" name="ReturnValues" source="D:\2022\pythonProject\Introduction_Robot_Framework\ReturnValuesForKeywords\ReturnValues.robot">
<test id="s1-t1" name="My Addition Test" line="4">
<kw name="Add">
<var>${sum}</var>
<arg>2</arg>
<arg>3</arg>
<kw name="Evaluate" library="BuiltIn">
<var>${value}</var>
<arg>${value1} + ${value2}</arg>
<doc>Evaluates the given expression in Python and returns the result.</doc>
<msg timestamp="20230323 00:05:34.486" level="INFO">${value} = 5</msg>
<status status="PASS" starttime="20230323 00:05:34.485" endtime="20230323 00:05:34.486"/>
</kw>
<msg timestamp="20230323 00:05:34.486" level="INFO">${sum} = 5</msg>
<status status="PASS" starttime="20230323 00:05:34.485" endtime="20230323 00:05:34.486"/>
</kw>
<kw name="Should Be Equal As Integers" library="BuiltIn">
<arg>5</arg>
<arg>${sum}</arg>
<doc>Fails if objects are unequal after converting them to integers.</doc>
<msg timestamp="20230323 00:05:34.487" level="INFO">Argument types are:
&lt;class 'str'&gt;
&lt;class 'int'&gt;</msg>
<status status="PASS" starttime="20230323 00:05:34.487" endtime="20230323 00:05:34.487"/>
</kw>
<status status="PASS" starttime="20230323 00:05:34.484" endtime="20230323 00:05:34.487"/>
</test>
<test id="s1-t2" name="My Test Case" line="8">
<kw name="Set Variable" library="BuiltIn">
<var>${nickName}</var>
<arg>Paul</arg>
<doc>Returns the given values which can then be assigned to a variables.</doc>
<msg timestamp="20230323 00:05:34.489" level="INFO">${nickName} = Paul</msg>
<status status="PASS" starttime="20230323 00:05:34.489" endtime="20230323 00:05:34.489"/>
</kw>
<kw name="Print Profile">
<arg>${nickName}</arg>
<arg>Merrill</arg>
<arg>Trainer</arg>
<arg>dpaulmerrill</arg>
<kw name="Log To Console" library="BuiltIn">
<arg>\n__Profile__</arg>
<doc>Logs the given message to the console.</doc>
<status status="PASS" starttime="20230323 00:05:34.490" endtime="20230323 00:05:34.490"/>
</kw>
<kw name="Log To Console" library="BuiltIn">
<arg>First Name: "${firstName}"</arg>
<doc>Logs the given message to the console.</doc>
<status status="PASS" starttime="20230323 00:05:34.491" endtime="20230323 00:05:34.491"/>
</kw>
<kw name="Log To Console" library="BuiltIn">
<arg>Last Name: "${lastName}"</arg>
<doc>Logs the given message to the console.</doc>
<status status="PASS" starttime="20230323 00:05:34.491" endtime="20230323 00:05:34.491"/>
</kw>
<kw name="Log To Console" library="BuiltIn">
<arg>Title: "${title}"</arg>
<doc>Logs the given message to the console.</doc>
<status status="PASS" starttime="20230323 00:05:34.492" endtime="20230323 00:05:34.492"/>
</kw>
<kw name="Log To Console" library="BuiltIn">
<arg>Twitter Handle: "${twitterHandle}"</arg>
<doc>Logs the given message to the console.</doc>
<status status="PASS" starttime="20230323 00:05:34.492" endtime="20230323 00:05:34.492"/>
</kw>
<status status="PASS" starttime="20230323 00:05:34.490" endtime="20230323 00:05:34.493"/>
</kw>
<kw name="Change Nickname">
<var>${nickName}</var>
<arg>${nickName}</arg>
<arg>Davie</arg>
<msg timestamp="20230323 00:05:34.493" level="INFO">${nickName} = Davie</msg>
<status status="PASS" starttime="20230323 00:05:34.493" endtime="20230323 00:05:34.493"/>
</kw>
<kw name="Print Profile">
<arg>${nickName}</arg>
<arg>Merrill</arg>
<arg>Trainer</arg>
<arg>dpaulmerrill</arg>
<kw name="Log To Console" library="BuiltIn">
<arg>\n__Profile__</arg>
<doc>Logs the given message to the console.</doc>
<status status="PASS" starttime="20230323 00:05:34.494" endtime="20230323 00:05:34.495"/>
</kw>
<kw name="Log To Console" library="BuiltIn">
<arg>First Name: "${firstName}"</arg>
<doc>Logs the given message to the console.</doc>
<status status="PASS" starttime="20230323 00:05:34.495" endtime="20230323 00:05:34.495"/>
</kw>
<kw name="Log To Console" library="BuiltIn">
<arg>Last Name: "${lastName}"</arg>
<doc>Logs the given message to the console.</doc>
<status status="PASS" starttime="20230323 00:05:34.495" endtime="20230323 00:05:34.496"/>
</kw>
<kw name="Log To Console" library="BuiltIn">
<arg>Title: "${title}"</arg>
<doc>Logs the given message to the console.</doc>
<status status="PASS" starttime="20230323 00:05:34.496" endtime="20230323 00:05:34.496"/>
</kw>
<kw name="Log To Console" library="BuiltIn">
<arg>Twitter Handle: "${twitterHandle}"</arg>
<doc>Logs the given message to the console.</doc>
<status status="PASS" starttime="20230323 00:05:34.496" endtime="20230323 00:05:34.496"/>
</kw>
<status status="PASS" starttime="20230323 00:05:34.494" endtime="20230323 00:05:34.497"/>
</kw>
<status status="PASS" starttime="20230323 00:05:34.489" endtime="20230323 00:05:34.498"/>
</test>
<status status="PASS" starttime="20230323 00:05:34.463" endtime="20230323 00:05:34.499"/>
</suite>
<statistics>
<total>
<stat pass="2" fail="0" skip="0">All Tests</stat>
</total>
<tag>
</tag>
<suite>
<stat pass="2" fail="0" skip="0" id="s1" name="ReturnValues">ReturnValues</stat>
</suite>
</statistics>
<errors>
</errors>
</robot>
