<?xml version="1.0" encoding="UTF-8"?>
<robot generator="Robot 6.0.2 (Python 3.11.0 on win32)" generated="20230323 00:00:43.908" rpa="false" schemaversion="3">
<suite id="s1" name="FirstTest" source="D:\2022\pythonProject\Introduction_Robot_Framework\DemoRobotFramework\FirstTest.robot">
<test id="s1-t1" name="Create an Invoice" line="5">
<kw name="My Keyword">
<kw name="Log To Console" library="BuiltIn">
<arg>This is a keyword I created!</arg>
<doc>Logs the given message to the console.</doc>
<status status="PASS" starttime="20230323 00:00:44.133" endtime="20230323 00:00:44.134"/>
</kw>
<status status="PASS" starttime="20230323 00:00:44.133" endtime="20230323 00:00:44.134"/>
</kw>
<kw name="Comment" library="BuiltIn">
<arg>This is my first RobotFramework test case!</arg>
<doc>Displays the given messages in the log file as keyword arguments.</doc>
<status status="PASS" starttime="20230323 00:00:44.134" endtime="20230323 00:00:44.134"/>
</kw>
<kw name="Navigate to Home Page">
<kw name="Open Browser" library="SeleniumLibrary">
<arg>http://inv.beaufortfairmont.com/</arg>
<arg>edge</arg>
<doc>Opens a new browser instance to the optional ``url``.</doc>
<msg timestamp="20230323 00:00:44.136" level="INFO">Opening browser 'edge' to base url 'http://inv.beaufortfairmont.com/'.</msg>
<status status="PASS" starttime="20230323 00:00:44.135" endtime="20230323 00:00:47.645"/>
</kw>
<status status="PASS" starttime="20230323 00:00:44.135" endtime="20230323 00:00:47.645"/>
</kw>
<kw name="Page Should Contain" library="SeleniumLibrary">
<arg>Invoice Manager</arg>
<doc>Verifies that current page contains ``text``.</doc>
<msg timestamp="20230323 00:00:47.682" level="INFO">Current page contains text 'Invoice Manager'.</msg>
<status status="PASS" starttime="20230323 00:00:47.647" endtime="20230323 00:00:47.682"/>
</kw>
<status status="PASS" starttime="20230323 00:00:44.132" endtime="20230323 00:00:47.682"/>
</test>
<status status="PASS" starttime="20230323 00:00:43.909" endtime="20230323 00:00:47.684"/>
</suite>
<statistics>
<total>
<stat pass="1" fail="0" skip="0">All Tests</stat>
</total>
<tag>
</tag>
<suite>
<stat pass="1" fail="0" skip="0" id="s1" name="FirstTest">FirstTest</stat>
</suite>
</statistics>
<errors>
</errors>
</robot>
